<?xml version="1.0" encoding="UTF-8"?>
<!-- Generated by org.testng.reporters.JUnitXMLReporter -->
<testsuite hostname="DESKTOP-M90OV1V" ignored="0" name="Default test" tests="7" failures="0" timestamp="2022-07-26T11:46:14 IST" time="33.467" errors="0">
  <testcase name="setProperty" time="3.785" classname="com.TestNG.Adactin"/>
  <testcase name="gettingUrl" time="9.346" classname="com.TestNG.Adactin"/>
  <testcase name="maximize" time="0.161" classname="com.TestNG.Adactin"/>
  <testcase name="elements" time="5.798" classname="com.TestNG.Adactin"/>
  <testcase name="content" time="5.14" classname="com.TestNG.Adactin"/>
  <testcase name="radio" time="4.915" classname="com.TestNG.Adactin"/>
  <testcase name="content2" time="4.248" classname="com.TestNG.Adactin"/>
</testsuite> <!-- Default test -->
